Run Write-Host "=== NSIS Output Log ==="
  Write-Host "=== NSIS Output Log ==="
  if (Test-Path "build/_CPack_Packages/win64/NSIS/NSISOutput.log") {
    Get-Content "build/_CPack_Packages/win64/NSIS/NSISOutput.log"
  } else {
    Write-Host "NSISOutput.log not found"
    Write-Host "`n=== Available files in _CPack_Packages ==="
    if (Test-Path "build/_CPack_Packages") {
      Get-ChildItem "build/_CPack_Packages" -Recurse | Select-Object FullName
    }
  }
  
  Write-Host "`n=== Checking build output directory ==="
  if (Test-Path "build/Release") {
    Get-ChildItem "build/Release" -Recurse | Select-Object FullName
  }
  
  Write-Host "`n=== Checking for executables ==="
  Get-ChildItem "build" -Recurse -Filter "*.exe" | Select-Object FullName
  
  # Re-throw the error to fail the job
  exit 1
  shell: C:\Program Files\PowerShell\7\pwsh.EXE -command ". '{0}'"
=== NSIS Output Log ===
# Run command: "C:/Program Files (x86)/NSIS/makensis.exe"  "D:/a/SecurePasswd_MGMT/SecurePasswd_MGMT/build/_CPack_Packages/win64/NSIS/project.nsi"
# Output:
Processing config: C:\Program Files (x86)\NSIS\nsisconf.nsh

Processing script file: "D:/a/SecurePasswd_MGMT/SecurePasswd_MGMT/build/_CPack_Packages/win64/NSIS/project.nsi" (UTF8)

!insertmacro: select_NT_profile

Function: "select_NT_profile"

StrCmp "$ADD_TO_PATH_ALL_USERS" "1" equal=0, nonequal=environment_single

DetailPrint: "Selected environment for all users"

Push: all

Return

DetailPrint: "Selected environment for current user only."

Push: current

Return

FunctionEnd

!insertmacro: end of select_NT_profile

!insertmacro: select_NT_profile

Function: "un.select_NT_profile"

StrCmp "$ADD_TO_PATH_ALL_USERS" "1" equal=0, nonequal=environment_single

DetailPrint: "Selected environment for all users"

Push: all

Return

DetailPrint: "Selected environment for current user only."

Push: current

Return

FunctionEnd

!insertmacro: end of select_NT_profile

!define: "NT_current_env"="HKCU "Environment""

!define: "NT_all_env"="HKLM "SYSTEM\CurrentControlSet\Control\Session Manager\Environment""

!define: "WriteEnvStr_RegKey"="HKCU "Environment""

Function: "AddToPath"

Exch($0,0)

Push: $1

Push: $2

Push: $3

IfFileExists: "$0\*.*" ?  : AddToPath_done

ReadEnvStr: PATH->$1

StrLen $2 "$1"

IntCmp $2:0 equal=CheckPathLength_ShowPathWarning, < CheckPathLength_Done, > CheckPathLength_Done

MessageBox: 48: "Warning! PATH too long installer unable to modify PATH!"

Goto: AddToPath_done

Push: $1;

Push: $0;

Call "StrStr"

Pop: $2

StrCmp "$2" "" equal=, nonequal=AddToPath_done

Push: $1;

Push: $0\;

Call "StrStr"

Pop: $2

StrCmp "$2" "" equal=, nonequal=AddToPath_done

GetFullPathName: $0->$3 (4606836)

Push: $1;

Push: $3;

Call "StrStr"

Pop: $2

StrCmp "$2" "" equal=, nonequal=AddToPath_done

Push: $1;

Push: $3\;

Call "StrStr"

Pop: $2

StrCmp "$2" "" equal=, nonequal=AddToPath_done

Call "IsNT"

Pop: $1

StrCmp "$1" "1" equal=AddToPath_NT, nonequal=

StrCpy $1 "$WINDIR" (2) ()

FileOpen: $1\autoexec.bat as a -> $1

FileSeek: fp=$1, ofs=-1, mode=END, output=

FileReadByte: $1->$2

IntCmp $2:26 equal=0, < +2, > +2

FileSeek: fp=$1, ofs=-1, mode=END, output=

FileWrite: 

SET PATH=%PATH%;$3

->$1

FileClose: $1

SetRebootFlag: true

Goto: AddToPath_done

StrCmp "$ADD_TO_PATH_ALL_USERS" "1" equal=ReadAllKey, nonequal=

ReadRegStr $1 HKCU\Environment\PATH

Goto: DoTrim

ReadRegStr $1 HKLM\SYSTEM\CurrentControlSet\Control\Session Manager\Environment\PATH

StrCmp "$1" "" equal=AddToPath_NTdoIt, nonequal=

Push: $1

Call "Trim"

Pop: $1

StrCpy $0 "$1;$0" () ()

StrCmp "$ADD_TO_PATH_ALL_USERS" "1" equal=WriteAllKey, nonequal=

WriteRegExpandStr: HKCU\Environment\PATH=$0

Goto: DoSend

WriteRegExpandStr: HKLM\SYSTEM\CurrentControlSet\Control\Session Manager\Environment\PATH=$0

SendMessage: (timeout=5000)(0xFFFF,0x001A,0,STR:Environment)

Pop: $3

Pop: $2

Pop: $1

Pop: $0

FunctionEnd

Function: "un.RemoveFromPath"

Exch($0,0)

Push: $1

Push: $2

Push: $3

Push: $4

Push: $5

Push: $6

IntFmt: 26->$6 (fmt:%c)

Call "un.IsNT"

Pop: $1

StrCmp "$1" "1" equal=unRemoveFromPath_NT, nonequal=

StrCpy $1 "$WINDIR" (2) ()

FileOpen: $1\autoexec.bat as r -> $1

GetTempFileName -> $4

FileOpen: $4 as w -> $2

GetFullPathName: $0->$0 (4606836)

StrCpy $0 "SET PATH=%PATH%;$0" () ()

Goto: unRemoveFromPath_dosLoop

FileRead: $1->$3 (max:)

StrCpy $5 "$3" (1) (-1)

StrCmp "$5" "$6" equal=0, nonequal=+2

StrCpy $3 "$3" (-1) ()

StrCmp "$3" "$0

" equal=unRemoveFromPath_dosLoopRemoveLine, nonequal=

StrCmp "$3" "$0

" equal=unRemoveFromPath_dosLoopRemoveLine, nonequal=

StrCmp "$3" "$0" equal=unRemoveFromPath_dosLoopRemoveLine, nonequal=

StrCmp "$3" "" equal=unRemoveFromPath_dosLoopEnd, nonequal=

FileWrite: $3->$2

Goto: unRemoveFromPath_dosLoop

SetRebootFlag: true

Goto: unRemoveFromPath_dosLoop

FileClose: $2

FileClose: $1

StrCpy $1 "$WINDIR" (2) ()

Delete: "$1\autoexec.bat"

CopyFiles: (silent) "$4" -> "$1\autoexec.bat", size=0KB

Delete: "$4"

Goto: unRemoveFromPath_done

StrCmp "$ADD_TO_PATH_ALL_USERS" "1" equal=unReadAllKey, nonequal=

ReadRegStr $1 HKCU\Environment\PATH

Goto: unDoTrim

ReadRegStr $1 HKLM\SYSTEM\CurrentControlSet\Control\Session Manager\Environment\PATH

StrCpy $5 "$1" (1) (-1)

StrCmp "$5" ";" equal=+2, nonequal=

StrCpy $1 "$1;" () ()

Push: $1

Push: $0;

Call "un.StrStr"

Pop: $2

StrCmp "$2" "" equal=unRemoveFromPath_done, nonequal=

StrLen $3 "$0;"

StrLen $4 "$2"

StrCpy $5 "$1" (-$4) ()

StrCpy $6 "$2" () ($3)

StrCpy $3 "$5$6" () ()

StrCpy $5 "$3" (1) (-1)

StrCmp "$5" ";" equal=0, nonequal=+2

StrCpy $3 "$3" (-1) ()

StrCmp "$ADD_TO_PATH_ALL_USERS" "1" equal=unWriteAllKey, nonequal=

WriteRegExpandStr: HKCU\Environment\PATH=$3

Goto: unDoSend

WriteRegExpandStr: HKLM\SYSTEM\CurrentControlSet\Control\Session Manager\Environment\PATH=$3

SendMessage: (timeout=5000)(0xFFFF,0x001A,0,STR:Environment)

Pop: $6

Pop: $5

Pop: $4

Pop: $3

Pop: $2

Pop: $1

Pop: $0

FunctionEnd

!insertmacro: IsNT

Function: "IsNT"

Push: $0

ReadRegStr $0 HKLM\SOFTWARE\Microsoft\Windows NT\CurrentVersion\CurrentVersion

StrCmp "$0" "" equal=0, nonequal=IsNT_yes

Pop: $0

Push: 0

Return

Pop: $0

Push: 1

FunctionEnd

!insertmacro: end of IsNT

!insertmacro: IsNT

Function: "un.IsNT"

Push: $0

ReadRegStr $0 HKLM\SOFTWARE\Microsoft\Windows NT\CurrentVersion\CurrentVersion

StrCmp "$0" "" equal=0, nonequal=IsNT_yes

Pop: $0

Push: 0

Return

Pop: $0

Push: 1

FunctionEnd

!insertmacro: end of IsNT

!insertmacro: StrStr

Function: "StrStr"

Exch($R1,0)

Exch(st(1),0)

Exch($R2,0)

Push: $R3

Push: $R4

Push: $R5

StrLen $R3 "$R1"

StrCpy $R4 "0" () ()

StrCpy $R5 "$R2" ($R3) ($R4)

StrCmp "$R5" "$R1" equal=done, nonequal=

StrCmp "$R5" "" equal=done, nonequal=

IntOp: $R4=$R4+1

Goto: loop

StrCpy $R1 "$R2" () ($R4)

Pop: $R5

Pop: $R4

Pop: $R3

Pop: $R2

Exch($R1,0)

FunctionEnd

!insertmacro: end of StrStr

!insertmacro: StrStr

Function: "un.StrStr"

Exch($R1,0)

Exch(st(1),0)

Exch($R2,0)

Push: $R3

Push: $R4

Push: $R5

StrLen $R3 "$R1"

StrCpy $R4 "0" () ()

StrCpy $R5 "$R2" ($R3) ($R4)

StrCmp "$R5" "$R1" equal=done, nonequal=

StrCmp "$R5" "" equal=done, nonequal=

IntOp: $R4=$R4+1

Goto: loop

StrCpy $R1 "$R2" () ($R4)

Pop: $R5

Pop: $R4

Pop: $R3

Pop: $R2

Exch($R1,0)

FunctionEnd

!insertmacro: end of StrStr

Function: "Trim"

Exch($R1,0)

Push: $R2

StrCpy $R2 "$R1" (1) (-1)

StrCmp "$R2" " " equal=RTrim, nonequal=

StrCmp "$R2" "

" equal=RTrim, nonequal=

StrCmp "$R2" "
" equal=RTrim, nonequal=

StrCmp "$R2" ";" equal=RTrim, nonequal=

Goto: Done

StrCpy $R1 "$R1" (-1) ()

Goto: Loop

Pop: $R2

Exch($R1,0)

FunctionEnd

Function: "ConditionalAddToRegistry"

Pop: $0

Pop: $1

StrCmp "$0" "" equal=ConditionalAddToRegistry_EmptyString, nonequal=

WriteRegStr: SHCTX\Software\Microsoft\Windows\CurrentVersion\Uninstall\SecurePasswd_MGMT 2025.10.23\$1=$0

DetailPrint: "Set install registry entry: '$1' to '$0'"

FunctionEnd

!define: "MUI_ICON"="D:/a/SecurePasswd_MGMT/SecurePasswd_MGMT/gui/icons/app_icon.ico"

!define: "MUI_UNICON"="D:/a/SecurePasswd_MGMT/SecurePasswd_MGMT/gui/icons/app_icon.ico"

!insertmacro: MUI_PAGE_WELCOME

!insertmacro: end of MUI_PAGE_WELCOME

!insertmacro: MUI_PAGE_LICENSE

!insertmacro: end of MUI_PAGE_LICENSE

Page: custom (creator:InstallOptionsPage)

!insertmacro: MUI_PAGE_DIRECTORY

!insertmacro: end of MUI_PAGE_DIRECTORY

!define: "MUI_STARTMENUPAGE_REGISTRY_ROOT"="SHCTX"

!define: "MUI_STARTMENUPAGE_REGISTRY_KEY"="Software\Humanity\SecurePasswd_MGMT 2025.10.23"

!define: "MUI_STARTMENUPAGE_REGISTRY_VALUENAME"="Start Menu Folder"

!insertmacro: MUI_PAGE_STARTMENU

!insertmacro: end of MUI_PAGE_STARTMENU

!insertmacro: MUI_PAGE_INSTFILES

!insertmacro: end of MUI_PAGE_INSTFILES

!insertmacro: MUI_PAGE_FINISH

!insertmacro: end of MUI_PAGE_FINISH

!insertmacro: MUI_UNPAGE_CONFIRM

!insertmacro: end of MUI_UNPAGE_CONFIRM

!insertmacro: MUI_UNPAGE_INSTFILES

!insertmacro: end of MUI_UNPAGE_INSTFILES

!insertmacro: MUI_LANGUAGE

!insertmacro: end of MUI_LANGUAGE

!insertmacro: MUI_LANGUAGE

!insertmacro: end of MUI_LANGUAGE

!insertmacro: MUI_LANGUAGE

!insertmacro: end of MUI_LANGUAGE

!insertmacro: MUI_LANGUAGE

!insertmacro: end of MUI_LANGUAGE

!insertmacro: MUI_LANGUAGE

!insertmacro: end of MUI_LANGUAGE

!insertmacro: MUI_LANGUAGE

!insertmacro: end of MUI_LANGUAGE

!insertmacro: MUI_LANGUAGE

!insertmacro: end of MUI_LANGUAGE

!insertmacro: MUI_LANGUAGE

!insertmacro: end of MUI_LANGUAGE

!insertmacro: MUI_LANGUAGE

!insertmacro: end of MUI_LANGUAGE

!insertmacro: MUI_LANGUAGE

!insertmacro: end of MUI_LANGUAGE

!insertmacro: MUI_LANGUAGE

!insertmacro: end of MUI_LANGUAGE

!insertmacro: MUI_LANGUAGE

!insertmacro: end of MUI_LANGUAGE

!insertmacro: MUI_LANGUAGE

!insertmacro: end of MUI_LANGUAGE

!insertmacro: MUI_LANGUAGE

!insertmacro: end of MUI_LANGUAGE

!insertmacro: MUI_LANGUAGE

!insertmacro: end of MUI_LANGUAGE

!insertmacro: MUI_LANGUAGE

!insertmacro: end of MUI_LANGUAGE

!insertmacro: MUI_LANGUAGE

!insertmacro: end of MUI_LANGUAGE

!insertmacro: MUI_LANGUAGE

!insertmacro: end of MUI_LANGUAGE

!insertmacro: MUI_LANGUAGE

!insertmacro: end of MUI_LANGUAGE

!insertmacro: MUI_LANGUAGE

!insertmacro: end of MUI_LANGUAGE

!insertmacro: MUI_LANGUAGE

!insertmacro: end of MUI_LANGUAGE

!insertmacro: MUI_LANGUAGE

!insertmacro: end of MUI_LANGUAGE

!insertmacro: MUI_LANGUAGE

!insertmacro: end of MUI_LANGUAGE

!insertmacro: MUI_LANGUAGE

!insertmacro: end of MUI_LANGUAGE

!insertmacro: MUI_LANGUAGE

!insertmacro: end of MUI_LANGUAGE

!insertmacro: MUI_LANGUAGE

!insertmacro: end of MUI_LANGUAGE

!insertmacro: MUI_LANGUAGE

!insertmacro: end of MUI_LANGUAGE

!insertmacro: MUI_LANGUAGE

!insertmacro: end of MUI_LANGUAGE

!insertmacro: MUI_LANGUAGE

!insertmacro: end of MUI_LANGUAGE

!insertmacro: MUI_LANGUAGE

!insertmacro: end of MUI_LANGUAGE

!insertmacro: MUI_LANGUAGE

!insertmacro: end of MUI_LANGUAGE

!insertmacro: MUI_LANGUAGE

!insertmacro: end of MUI_LANGUAGE

!insertmacro: MUI_LANGUAGE

!insertmacro: end of MUI_LANGUAGE

!insertmacro: MUI_LANGUAGE

!insertmacro: end of MUI_LANGUAGE

!insertmacro: MUI_LANGUAGE

!insertmacro: end of MUI_LANGUAGE

!insertmacro: MUI_LANGUAGE

!insertmacro: end of MUI_LANGUAGE

!insertmacro: MUI_LANGUAGE

!insertmacro: end of MUI_LANGUAGE

!insertmacro: MUI_LANGUAGE

!insertmacro: end of MUI_LANGUAGE

!insertmacro: MUI_LANGUAGE

!insertmacro: end of MUI_LANGUAGE

!insertmacro: MUI_LANGUAGE

!insertmacro: end of MUI_LANGUAGE

!insertmacro: MUI_LANGUAGE

!insertmacro: end of MUI_LANGUAGE

!insertmacro: MUI_LANGUAGE

!insertmacro: end of MUI_LANGUAGE

!insertmacro: MUI_LANGUAGE

!insertmacro: end of MUI_LANGUAGE

!insertmacro: MUI_LANGUAGE

!insertmacro: end of MUI_LANGUAGE

!insertmacro: MUI_LANGUAGE

!insertmacro: end of MUI_LANGUAGE

!insertmacro: MUI_LANGUAGE

!insertmacro: end of MUI_LANGUAGE

!insertmacro: MUI_LANGUAGE

!insertmacro: end of MUI_LANGUAGE

!insertmacro: MUI_LANGUAGE

!insertmacro: end of MUI_LANGUAGE

!insertmacro: MUI_LANGUAGE

!insertmacro: end of MUI_LANGUAGE

!insertmacro: MUI_LANGUAGE

!insertmacro: end of MUI_LANGUAGE

!insertmacro: MUI_LANGUAGE

!insertmacro: end of MUI_LANGUAGE

!insertmacro: MUI_LANGUAGE

!insertmacro: end of MUI_LANGUAGE

!insertmacro: MUI_LANGUAGE

!insertmacro: end of MUI_LANGUAGE

!insertmacro: MUI_LANGUAGE

!insertmacro: end of MUI_LANGUAGE

!insertmacro: MUI_LANGUAGE

!insertmacro: end of MUI_LANGUAGE

!insertmacro: MUI_LANGUAGE

!insertmacro: end of MUI_LANGUAGE

!insertmacro: MUI_LANGUAGE

!insertmacro: end of MUI_LANGUAGE

!insertmacro: MUI_LANGUAGE

!insertmacro: end of MUI_LANGUAGE

!insertmacro: MUI_LANGUAGE

!insertmacro: end of MUI_LANGUAGE

!insertmacro: MUI_LANGUAGE

!insertmacro: end of MUI_LANGUAGE

!insertmacro: MUI_LANGUAGE

!insertmacro: end of MUI_LANGUAGE

!insertmacro: MUI_LANGUAGE

!insertmacro: end of MUI_LANGUAGE

!insertmacro: MUI_LANGUAGE

!insertmacro: end of MUI_LANGUAGE

!insertmacro: MUI_LANGUAGE

!insertmacro: end of MUI_LANGUAGE

ReserveFile: "NSIS.InstallOptions.ini" [compress] 287/707 bytes

!insertmacro: MUI_RESERVEFILE_INSTALLOPTIONS

!insertmacro: end of MUI_RESERVEFILE_INSTALLOPTIONS

ReserveFile: "UserInfo.dll" [compress] 1316/4096 bytes

Section: "-Core installation"

SetOutPath: "$INSTDIR"

File: Descending to: "D:/a/SecurePasswd_MGMT/SecurePasswd_MGMT/build/_CPack_Packages/win64/NSIS/SecurePasswd_MGMT-2025.10.23\bin\"

File: "D3Dcompiler_47.dll" [compress] 1679329/4669440 bytes

File: "Qt6Core.dll" [compress] 2144072/8928768 bytes

File: "Qt6Gui.dll" [compress] 2083825/6577152 bytes

File: "Qt6Widgets.dll" [compress] 2152632/6058496 bytes

File: "argon2.dll" [compress] 14357/32256 bytes

File: "dark.qss" [compress] 361/1484 bytes

File: "double-conversion.dll" [compress] 32939/75776 bytes

File: "dxcompiler.dll" [compress] 4716891/14316920 bytes

File: "dxil.dll" [compress] 531790/1509720 bytes

File: "libcrypto-3-x64.dll" [compress] 1613575/5328384 bytes

File: "libcurl.dll" [compress] 274160/643072 bytes

File: "libsodium.dll" [compress] 140324/344064 bytes

File: "light.qss" [compress] 382/1519 bytes

File: "pcre2-16.dll" [compress] 189576/561152 bytes

File: "securepasswd_cli.exe" [compress] 12992/30208 bytes

File: "securepasswd_gui.exe" [compress] 51273/169984 bytes

File: "sqlcipher.dll" [compress] 525861/1177600 bytes

File: "zlib1.dll" [compress] 45062/90112 bytes

File: Descending to: "D:/a/SecurePasswd_MGMT/SecurePasswd_MGMT/build/_CPack_Packages/win64/NSIS/SecurePasswd_MGMT-2025.10.23\bin\icons\"

File: "add.svg" [compress] 203/315 bytes

File: "app_icon.svg" [compress] 2140/5554 bytes

File: "copy_passwd.svg" [compress] 268/406 bytes

File: "copy_totp.svg" [compress] 269/407 bytes

File: "copy_username.svg" [compress] 422/742 bytes

File: "darkmode.svg" [compress] 526/895 bytes

File: "delete.svg" [compress] 255/416 bytes

File: "edit.svg" [compress] 227/336 bytes

File: "export.svg" [compress] 238/335 bytes

File: "health-check.svg" [compress] 195/248 bytes

File: "import.svg" [compress] 237/337 bytes

File: "lightmode.svg" [compress] 379/1104 bytes

File: Descending to: "D:/a/SecurePasswd_MGMT/SecurePasswd_MGMT/build/_CPack_Packages/win64/NSIS/SecurePasswd_MGMT-2025.10.23\bin\imageformats\"

File: "qgif.dll" [compress] 15473/35840 bytes

File: "qico.dll" [compress] 14284/34304 bytes

File: Descending to: "D:/a/SecurePasswd_MGMT/SecurePasswd_MGMT/build/_CPack_Packages/win64/NSIS/SecurePasswd_MGMT-2025.10.23\bin\platforms\"

File: "qwindows.dll" [compress] 278787/817152 bytes

File: Descending to: "D:/a/SecurePasswd_MGMT/SecurePasswd_MGMT/build/_CPack_Packages/win64/NSIS/SecurePasswd_MGMT-2025.10.23\bin\styles\"

File: "qmodernwindowsstyle.dll" [compress] 79298/211968 bytes

File: Descending to: "D:/a/SecurePasswd_MGMT/SecurePasswd_MGMT/build/_CPack_Packages/win64/NSIS/SecurePasswd_MGMT-2025.10.23\bin\translations\"

File: Returning to: "D:/a/SecurePasswd_MGMT/SecurePasswd_MGMT/build/_CPack_Packages/win64/NSIS/SecurePasswd_MGMT-2025.10.23"

WriteRegStr: SHCTX\Software\Humanity\SecurePasswd_MGMT 2025.10.23\=$INSTDIR

WriteUninstaller: "$INSTDIR\Uninstall.exe"

Push: DisplayName

Push: SecurePasswd_MGMT

Call "ConditionalAddToRegistry"

Push: DisplayVersion

Push: 2025.10.23

Call "ConditionalAddToRegistry"

Push: Publisher

Push: Humanity

Call "ConditionalAddToRegistry"

Push: UninstallString

Push: "$INSTDIR\Uninstall.exe"

Call "ConditionalAddToRegistry"

Push: NoRepair

Push: 1

Call "ConditionalAddToRegistry"

Push: NoModify

Push: 1

Call "ConditionalAddToRegistry"

Push: DisplayIcon

Push: $INSTDIR\

Call "ConditionalAddToRegistry"

Push: HelpLink

Push: 

Call "ConditionalAddToRegistry"

Push: URLInfoAbout

Push: 

Call "ConditionalAddToRegistry"

Push: Contact

Push: 

Call "ConditionalAddToRegistry"

!insertmacro: MUI_INSTALLOPTIONS_READ

!insertmacro: end of MUI_INSTALLOPTIONS_READ

!insertmacro: MUI_STARTMENU_WRITE_BEGIN

!insertmacro: end of MUI_STARTMENU_WRITE_BEGIN

CreateDirectory: "$SMPROGRAMS\$STARTMENU_FOLDER"

Error: unterminated string parsing line at D:/a/SecurePasswd_MGMT/SecurePasswd_MGMT/build/_CPack_Packages/win64/NSIS/project.nsi:715

Error in script "D:/a/SecurePasswd_MGMT/SecurePasswd_MGMT/build/_CPack_Packages/win64/NSIS/project.nsi" on line 715 -- aborting creation process



=== Checking build output directory ===

=== Checking for executables ===

FullName
--------
D:\a\SecurePasswd_MGMT\SecurePasswd_MGMT\build\cli\Release\securepasswd_cli.exe
D:\a\SecurePasswd_MGMT\SecurePasswd_MGMT\build\CMakeFiles\3.31.6\CompilerIdC\CompilerIdC.exe
D:\a\SecurePasswd_MGMT\SecurePasswd_MGMT\build\CMakeFiles\3.31.6\CompilerIdCXX\CompilerIdCXX.exe
D:\a\SecurePasswd_MGMT\SecurePasswd_MGMT\build\gui\Release\securepasswd_gui.exe
D:\a\SecurePasswd_MGMT\SecurePasswd_MGMT\build\tests\Release\cmocka_tests.exe
D:\a\SecurePasswd_MGMT\SecurePasswd_MGMT\build\tests\Release\core_tests.exe
D:\a\SecurePasswd_MGMT\SecurePasswd_MGMT\build\vcpkg_installed\x64-windows\tools\pkgconf\bomtool.exe
D:\a\SecurePasswd_MGMT\SecurePasswd_MGMT\build\vcpkg_installed\x64-windows\tools\pkgconf\pkgconf.exe
D:\a\SecurePasswd_MGMT\SecurePasswd_MGMT\build\vcpkg_installed\x64-windows\tools\Qt6\bin\androiddeployqt.exe
D:\a\SecurePasswd_MGMT\SecurePasswd_MGMT\build\vcpkg_installed\x64-windows\tools\Qt6\bin\androiddeployqt6.exe
D:\a\SecurePasswd_MGMT\SecurePasswd_MGMT\build\vcpkg_installed\x64-windows\tools\Qt6\bin\androidtestrunner.exe
D:\a\SecurePasswd_MGMT\SecurePasswd_MGMT\build\vcpkg_installed\x64-windows\tools\Qt6\bin\cmake_automoc_parser.exe
D:\a\SecurePasswd_MGMT\SecurePasswd_MGMT\build\vcpkg_installed\x64-windows\tools\Qt6\bin\moc.exe
D:\a\SecurePasswd_MGMT\SecurePasswd_MGMT\build\vcpkg_installed\x64-windows\tools\Qt6\bin\qlalr.exe
D:\a\SecurePasswd_MGMT\SecurePasswd_MGMT\build\vcpkg_installed\x64-windows\tools\Qt6\bin\qmake.exe
D:\a\SecurePasswd_MGMT\SecurePasswd_MGMT\build\vcpkg_installed\x64-windows\tools\Qt6\bin\qmake6.exe
D:\a\SecurePasswd_MGMT\SecurePasswd_MGMT\build\vcpkg_installed\x64-windows\tools\Qt6\bin\qtpaths.exe
D:\a\SecurePasswd_MGMT\SecurePasswd_MGMT\build\vcpkg_installed\x64-windows\tools\Qt6\bin\qtpaths6.exe
D:\a\SecurePasswd_MGMT\SecurePasswd_MGMT\build\vcpkg_installed\x64-windows\tools\Qt6\bin\qvkgen.exe
D:\a\SecurePasswd_MGMT\SecurePasswd_MGMT\build\vcpkg_installed\x64-windows\tools\Qt6\bin\rcc.exe
D:\a\SecurePasswd_MGMT\SecurePasswd_MGMT\build\vcpkg_installed\x64-windows\tools\Qt6\bin\syncqt.exe
D:\a\SecurePasswd_MGMT\SecurePasswd_MGMT\build\vcpkg_installed\x64-windows\tools\Qt6\bin\tracegen.exe
D:\a\SecurePasswd_MGMT\SecurePasswd_MGMT\build\vcpkg_installed\x64-windows\tools\Qt6\bin\tracepointgen.exe
D:\a\SecurePasswd_MGMT\SecurePasswd_MGMT\build\vcpkg_installed\x64-windows\tools\Qt6\bin\uic.exe
D:\a\SecurePasswd_MGMT\SecurePasswd_MGMT\build\vcpkg_installed\x64-windows\tools\Qt6\bin\windeployqt.exe
D:\a\SecurePasswd_MGMT\SecurePasswd_MGMT\build\vcpkg_installed\x64-windows\tools\Qt6\bin\windeployqt6.exe
D:\a\SecurePasswd_MGMT\SecurePasswd_MGMT\build\vcpkg_installed\x64-windows\tools\tcl\bin\tclsh90.exe
D:\a\SecurePasswd_MGMT\SecurePasswd_MGMT\build\vcpkg_installed\x64-windows\tools\tcl\debug\bin\tclsh90g.exe
D:\a\SecurePasswd_MGMT\SecurePasswd_MGMT\build\_CPack_Packages\win64\NSIS\SecurePasswd_MGMT-2025.10.23\bin\securepassw…
D:\a\SecurePasswd_MGMT\SecurePasswd_MGMT\build\_CPack_Packages\win64\NSIS\SecurePasswd_MGMT-2025.10.23\bin\securepassw…

Error: Process completed with exit code 1.
